0 verbose cli C:\Program Files\nodejs\node.exe C:\Program Files\nodejs\node_modules\npm\bin\npm-cli.js
1 info using npm@8.11.0
2 info using node@v16.15.1
3 timing npm:load:whichnode Completed in 0ms
4 timing config:load:defaults Completed in 2ms
5 timing config:load:file:C:\Program Files\nodejs\node_modules\npm\npmrc Completed in 2ms
6 timing config:load:builtin Completed in 3ms
7 timing config:load:cli Completed in 2ms
8 timing config:load:env Completed in 2ms
9 timing config:load:file:D:\MyLearning\Laravel\shop-app\.npmrc Completed in 1ms
10 timing config:load:project Completed in 3ms
11 timing config:load:file:C:\Users\John Jefferson Facto\.npmrc Completed in 0ms
12 timing config:load:user Completed in 0ms
13 timing config:load:file:C:\Users\John Jefferson Facto\AppData\Roaming\npm\etc\npmrc Completed in 1ms
14 timing config:load:global Completed in 1ms
15 timing config:load:validate Completed in 0ms
16 timing config:load:credentials Completed in 1ms
17 timing config:load:setEnvs Completed in 1ms
18 timing config:load Completed in 15ms
19 timing npm:load:configload Completed in 15ms
20 timing npm:load:mkdirpcache Completed in 0ms
21 timing npm:load:mkdirplogs Completed in 0ms
22 verbose title npm install vue-loader@15.9.8
23 verbose argv "install" "vue-loader@15.9.8" "--save-dev" "--legacy-peer-deps"
24 timing npm:load:setTitle Completed in 0ms
25 timing config:load:flatten Completed in 2ms
26 timing npm:load:display Completed in 2ms
27 verbose logfile logs-max:10 dir:D:\MyLearning\Laravel\shop-app\_logs
28 verbose logfile D:\MyLearning\Laravel\shop-app\_logs\2022-07-09T08_43_40_751Z-debug-0.log
29 timing npm:load:logFile Completed in 32ms
30 timing npm:load:timers Completed in 0ms
31 timing npm:load:configScope Completed in 0ms
32 timing npm:load Completed in 52ms
33 timing arborist:ctor Completed in 0ms
34 silly logfile done cleaning log files
35 timing idealTree:init Completed in 315ms
36 timing idealTree:userRequests Completed in 2ms
37 silly idealTree buildDeps
38 silly fetch manifest vue-loader@15.9.8
39 timing arborist:ctor Completed in 0ms
40 http fetch GET 200 https://registry.npmjs.org/vue-loader 379ms (cache miss)
41 silly placeDep ROOT vue-loader@15.9.8 OK for:  want: 15.9.8
42 silly fetch manifest @vue/component-compiler-utils@^3.1.0
43 silly fetch manifest loader-utils@^1.1.0
44 silly fetch manifest vue-hot-reload-api@^2.3.0
45 http fetch GET 200 https://registry.npmjs.org/loader-utils 11ms (cache hit)
46 http fetch GET 200 https://registry.npmjs.org/vue-hot-reload-api 247ms (cache miss)
47 http fetch GET 200 https://registry.npmjs.org/@vue%2fcomponent-compiler-utils 664ms (cache miss)
48 timing idealTree:#root Completed in 1056ms
49 silly placeDep ROOT @vue/component-compiler-utils@3.3.0 OK for: vue-loader@15.9.8 want: ^3.1.0
50 silly placeDep node_modules/vue-loader loader-utils@1.4.0 OK for: vue-loader@15.9.8 want: ^1.1.0
51 silly placeDep ROOT vue-hot-reload-api@2.3.4 OK for: vue-loader@15.9.8 want: ^2.3.0
52 silly fetch manifest consolidate@^0.15.1
53 silly fetch manifest lru-cache@^4.1.2
54 silly fetch manifest merge-source-map@^1.1.0
55 silly fetch manifest postcss@^7.0.36
56 silly fetch manifest vue-template-es2015-compiler@^1.9.0
57 silly fetch manifest prettier@^1.18.2 || ^2.0.0
58 silly fetch manifest json5@^1.0.1
59 http fetch GET 200 https://registry.npmjs.org/postcss 49ms (cache hit)
60 http fetch GET 200 https://registry.npmjs.org/json5 51ms (cache hit)
61 http fetch GET 200 https://registry.npmjs.org/merge-source-map 211ms (cache miss)
62 http fetch GET 200 https://registry.npmjs.org/consolidate 224ms (cache miss)
63 http fetch GET 200 https://registry.npmjs.org/vue-template-es2015-compiler 247ms (cache miss)
64 http fetch GET 200 https://registry.npmjs.org/lru-cache 281ms (cache revalidated)
65 http fetch GET 200 https://registry.npmjs.org/prettier 282ms (cache miss)
66 timing idealTree:node_modules/vue-loader Completed in 290ms
67 silly placeDep ROOT consolidate@0.15.1 OK for: @vue/component-compiler-utils@3.3.0 want: ^0.15.1
68 silly placeDep node_modules/@vue/component-compiler-utils lru-cache@4.1.5 OK for: @vue/component-compiler-utils@3.3.0 want: ^4.1.2
69 silly placeDep ROOT merge-source-map@1.1.0 OK for: @vue/component-compiler-utils@3.3.0 want: ^1.1.0
70 silly placeDep node_modules/@vue/component-compiler-utils postcss@7.0.39 OK for: @vue/component-compiler-utils@3.3.0 want: ^7.0.36
71 silly placeDep ROOT prettier@2.7.1 OK for: @vue/component-compiler-utils@3.3.0 want: ^1.18.2 || ^2.0.0
72 silly placeDep ROOT vue-template-es2015-compiler@1.9.1 OK for: @vue/component-compiler-utils@3.3.0 want: ^1.9.0
73 silly fetch manifest bluebird@^3.1.1
74 silly fetch manifest pseudomap@^1.0.2
75 silly fetch manifest yallist@^2.1.2
76 silly fetch manifest picocolors@^0.2.1
77 http fetch GET 200 https://registry.npmjs.org/pseudomap 209ms (cache miss)
78 http fetch GET 200 https://registry.npmjs.org/picocolors 249ms (cache revalidated)
79 http fetch GET 200 https://registry.npmjs.org/yallist 250ms (cache revalidated)
80 http fetch GET 200 https://registry.npmjs.org/bluebird 251ms (cache miss)
81 timing idealTree:node_modules/@vue/component-compiler-utils Completed in 259ms
82 silly placeDep ROOT bluebird@3.7.2 OK for: consolidate@0.15.1 want: ^3.1.1
83 timing idealTree:node_modules/consolidate Completed in 1ms
84 timing idealTree:node_modules/bluebird Completed in 0ms
85 timing idealTree:node_modules/merge-source-map Completed in 0ms
86 timing idealTree:node_modules/prettier Completed in 0ms
87 timing idealTree:node_modules/vue-hot-reload-api Completed in 0ms
88 timing idealTree:node_modules/vue-template-es2015-compiler Completed in 0ms
89 silly placeDep ROOT pseudomap@1.0.2 OK for: lru-cache@4.1.5 want: ^1.0.2
90 silly placeDep node_modules/@vue/component-compiler-utils yallist@2.1.2 OK for: lru-cache@4.1.5 want: ^2.1.2
91 timing idealTree:node_modules/@vue/component-compiler-utils/node_modules/lru-cache Completed in 2ms
92 timing idealTree:node_modules/pseudomap Completed in 0ms
93 silly placeDep node_modules/@vue/component-compiler-utils picocolors@0.2.1 OK for: postcss@7.0.39 want: ^0.2.1
94 timing idealTree:node_modules/@vue/component-compiler-utils/node_modules/postcss Completed in 1ms
95 timing idealTree:node_modules/@vue/component-compiler-utils/node_modules/picocolors Completed in 0ms
96 timing idealTree:node_modules/@vue/component-compiler-utils/node_modules/yallist Completed in 0ms
97 silly placeDep node_modules/vue-loader json5@1.0.1 OK for: loader-utils@1.4.0 want: ^1.0.1
98 timing idealTree:node_modules/vue-loader/node_modules/loader-utils Completed in 1ms
99 timing idealTree:node_modules/vue-loader/node_modules/json5 Completed in 0ms
100 timing idealTree:buildDeps Completed in 1612ms
101 timing idealTree:fixDepFlags Completed in 6ms
102 timing idealTree Completed in 1942ms
103 timing reify:loadTrees Completed in 1942ms
104 timing reify:diffTrees Completed in 18ms
105 silly reify moves {}
106 timing reify:retireShallow Completed in 1ms
107 timing reify:createSparse Completed in 5ms
108 timing reify:loadBundles Completed in 0ms
109 silly audit bulk request {
109 silly audit   '@ampproject/remapping': [ '2.2.0' ],
109 silly audit   '@babel/code-frame': [ '7.18.6' ],
109 silly audit   '@babel/compat-data': [ '7.18.8' ],
109 silly audit   '@babel/core': [ '7.18.6' ],
109 silly audit   semver: [ '6.3.0', '7.0.0', '7.3.7' ],
109 silly audit   '@babel/generator': [ '7.18.7' ],
109 silly audit   '@jridgewell/gen-mapping': [ '0.3.2', '0.1.1' ],
109 silly audit   '@babel/helper-annotate-as-pure': [ '7.18.6' ],
109 silly audit   '@babel/helper-builder-binary-assignment-operator-visitor': [ '7.18.6' ],
109 silly audit   '@babel/helper-compilation-targets': [ '7.18.6' ],
109 silly audit   '@babel/helper-create-class-features-plugin': [ '7.18.6' ],
109 silly audit   '@babel/helper-create-regexp-features-plugin': [ '7.18.6' ],
109 silly audit   '@babel/helper-define-polyfill-provider': [ '0.3.1' ],
109 silly audit   '@babel/helper-environment-visitor': [ '7.18.6' ],
109 silly audit   '@babel/helper-explode-assignable-expression': [ '7.18.6' ],
109 silly audit   '@babel/helper-function-name': [ '7.18.6' ],
109 silly audit   '@babel/helper-hoist-variables': [ '7.18.6' ],
109 silly audit   '@babel/helper-member-expression-to-functions': [ '7.18.6' ],
109 silly audit   '@babel/helper-module-imports': [ '7.18.6' ],
109 silly audit   '@babel/helper-module-transforms': [ '7.18.8' ],
109 silly audit   '@babel/helper-optimise-call-expression': [ '7.18.6' ],
109 silly audit   '@babel/helper-plugin-utils': [ '7.18.6' ],
109 silly audit   '@babel/helper-remap-async-to-generator': [ '7.18.6' ],
109 silly audit   '@babel/helper-replace-supers': [ '7.18.6' ],
109 silly audit   '@babel/helper-simple-access': [ '7.18.6' ],
109 silly audit   '@babel/helper-skip-transparent-expression-wrappers': [ '7.18.6' ],
109 silly audit   '@babel/helper-split-export-declaration': [ '7.18.6' ],
109 silly audit   '@babel/helper-validator-identifier': [ '7.18.6' ],
109 silly audit   '@babel/helper-validator-option': [ '7.18.6' ],
109 silly audit   '@babel/helper-wrap-function': [ '7.18.6' ],
109 silly audit   '@babel/helpers': [ '7.18.6' ],
109 silly audit   '@babel/highlight': [ '7.18.6' ],
109 silly audit   'ansi-styles': [ '3.2.1', '4.3.0' ],
109 silly audit   chalk: [ '2.4.2', '4.1.2' ],
109 silly audit   'color-convert': [ '1.9.3', '2.0.1' ],
109 silly audit   'color-name': [ '1.1.3', '1.1.4' ],
109 silly audit   'has-flag': [ '3.0.0', '4.0.0' ],
109 silly audit   'supports-color': [ '5.5.0', '8.1.1', '6.1.0', '7.2.0' ],
109 silly audit   '@babel/parser': [ '7.18.8' ],
109 silly audit   '@babel/plugin-bugfix-safari-id-destructuring-collision-in-function-expression': [ '7.18.6' ],
109 silly audit   '@babel/plugin-bugfix-v8-spread-parameters-in-optional-chaining': [ '7.18.6' ],
109 silly audit   '@babel/plugin-proposal-async-generator-functions': [ '7.18.6' ],
109 silly audit   '@babel/plugin-proposal-class-properties': [ '7.18.6' ],
109 silly audit   '@babel/plugin-proposal-class-static-block': [ '7.18.6' ],
109 silly audit   '@babel/plugin-proposal-dynamic-import': [ '7.18.6' ],
109 silly audit   '@babel/plugin-proposal-export-namespace-from': [ '7.18.6' ],
109 silly audit   '@babel/plugin-proposal-json-strings': [ '7.18.6' ],
109 silly audit   '@babel/plugin-proposal-logical-assignment-operators': [ '7.18.6' ],
109 silly audit   '@babel/plugin-proposal-nullish-coalescing-operator': [ '7.18.6' ],
109 silly audit   '@babel/plugin-proposal-numeric-separator': [ '7.18.6' ],
109 silly audit   '@babel/plugin-proposal-object-rest-spread': [ '7.18.6' ],
109 silly audit   '@babel/plugin-proposal-optional-catch-binding': [ '7.18.6' ],
109 silly audit   '@babel/plugin-proposal-optional-chaining': [ '7.18.6' ],
109 silly audit   '@babel/plugin-proposal-private-methods': [ '7.18.6' ],
109 silly audit   '@babel/plugin-proposal-private-property-in-object': [ '7.18.6' ],
109 silly audit   '@babel/plugin-proposal-unicode-property-regex': [ '7.18.6' ],
109 silly audit   '@babel/plugin-syntax-async-generators': [ '7.8.4' ],
109 silly audit   '@babel/plugin-syntax-class-properties': [ '7.12.13' ],
109 silly audit   '@babel/plugin-syntax-class-static-block': [ '7.14.5' ],
109 silly audit   '@babel/plugin-syntax-dynamic-import': [ '7.8.3' ],
109 silly audit   '@babel/plugin-syntax-export-namespace-from': [ '7.8.3' ],
109 silly audit   '@babel/plugin-syntax-import-assertions': [ '7.18.6' ],
109 silly audit   '@babel/plugin-syntax-json-strings': [ '7.8.3' ],
109 silly audit   '@babel/plugin-syntax-logical-assignment-operators': [ '7.10.4' ],
109 silly audit   '@babel/plugin-syntax-nullish-coalescing-operator': [ '7.8.3' ],
109 silly audit   '@babel/plugin-syntax-numeric-separator': [ '7.10.4' ],
109 silly audit   '@babel/plugin-syntax-object-rest-spread': [ '7.8.3' ],
109 silly audit   '@babel/plugin-syntax-optional-catch-binding': [ '7.8.3' ],
109 silly audit   '@babel/plugin-syntax-optional-chaining': [ '7.8.3' ],
109 silly audit   '@babel/plugin-syntax-private-property-in-object': [ '7.14.5' ],
109 silly audit   '@babel/plugin-syntax-top-level-await': [ '7.14.5' ],
109 silly audit   '@babel/plugin-transform-arrow-functions': [ '7.18.6' ],
109 silly audit   '@babel/plugin-transform-async-to-generator': [ '7.18.6' ],
109 silly audit   '@babel/plugin-transform-block-scoped-functions': [ '7.18.6' ],
109 silly audit   '@babel/plugin-transform-block-scoping': [ '7.18.6' ],
109 silly audit   '@babel/plugin-transform-classes': [ '7.18.8' ],
109 silly audit   '@babel/plugin-transform-computed-properties': [ '7.18.6' ],
109 silly audit   '@babel/plugin-transform-destructuring': [ '7.18.6' ],
109 silly audit   '@babel/plugin-transform-dotall-regex': [ '7.18.6' ],
109 silly audit   '@babel/plugin-transform-duplicate-keys': [ '7.18.6' ],
109 silly audit   '@babel/plugin-transform-exponentiation-operator': [ '7.18.6' ],
109 silly audit   '@babel/plugin-transform-for-of': [ '7.18.8' ],
109 silly audit   '@babel/plugin-transform-function-name': [ '7.18.6' ],
109 silly audit   '@babel/plugin-transform-literals': [ '7.18.6' ],
109 silly audit   '@babel/plugin-transform-member-expression-literals': [ '7.18.6' ],
109 silly audit   '@babel/plugin-transform-modules-amd': [ '7.18.6' ],
109 silly audit   '@babel/plugin-transform-modules-commonjs': [ '7.18.6' ],
109 silly audit   '@babel/plugin-transform-modules-systemjs': [ '7.18.6' ],
109 silly audit   '@babel/plugin-transform-modules-umd': [ '7.18.6' ],
109 silly audit   '@babel/plugin-transform-named-capturing-groups-regex': [ '7.18.6' ],
109 silly audit   '@babel/plugin-transform-new-target': [ '7.18.6' ],
109 silly audit   '@babel/plugin-transform-object-super': [ '7.18.6' ],
109 silly audit   '@babel/plugin-transform-parameters': [ '7.18.8' ],
109 silly audit   '@babel/plugin-transform-property-literals': [ '7.18.6' ],
109 silly audit   '@babel/plugin-transform-regenerator': [ '7.18.6' ],
109 silly audit   '@babel/plugin-transform-reserved-words': [ '7.18.6' ],
109 silly audit   '@babel/plugin-transform-runtime': [ '7.18.6' ],
109 silly audit   '@babel/plugin-transform-shorthand-properties': [ '7.18.6' ],
109 silly audit   '@babel/plugin-transform-spread': [ '7.18.6' ],
109 silly audit   '@babel/plugin-transform-sticky-regex': [ '7.18.6' ],
109 silly audit   '@babel/plugin-transform-template-literals': [ '7.18.6' ],
109 silly audit   '@babel/plugin-transform-typeof-symbol': [ '7.18.6' ],
109 silly audit   '@babel/plugin-transform-unicode-escapes': [ '7.18.6' ],
109 silly audit   '@babel/plugin-transform-unicode-regex': [ '7.18.6' ],
109 silly audit   '@babel/preset-env': [ '7.18.6' ],
109 silly audit   '@babel/preset-modules': [ '0.1.5' ],
109 silly audit   '@babel/runtime': [ '7.18.6' ],
109 silly audit   '@babel/template': [ '7.18.6' ],
109 silly audit   '@babel/traverse': [ '7.18.8' ],
109 silly audit   '@babel/types': [ '7.18.8' ],
109 silly audit   '@colors/colors': [ '1.5.0' ],
109 silly audit   '@discoveryjs/json-ext': [ '0.5.7' ],
109 silly audit   '@jridgewell/resolve-uri': [ '3.1.0' ],
109 silly audit   '@jridgewell/set-array': [ '1.1.2' ],
109 silly audit   '@jridgewell/source-map': [ '0.3.2' ],
109 silly audit   '@jridgewell/sourcemap-codec': [ '1.4.14' ],
109 silly audit   '@jridgewell/trace-mapping': [ '0.3.14' ],
109 silly audit   '@leichtgewicht/ip-codec': [ '2.0.4' ],
109 silly audit   '@nodelib/fs.scandir': [ '2.1.5' ],
109 silly audit   '@nodelib/fs.stat': [ '2.0.5' ],
109 silly audit   '@nodelib/fs.walk': [ '1.2.8' ],
109 silly audit   '@popperjs/core': [ '2.11.5' ],
109 silly audit   '@trysound/sax': [ '0.2.0' ],
109 silly audit   '@types/babel__core': [ '7.1.19' ],
109 silly audit   '@types/babel__generator': [ '7.6.4' ],
109 silly audit   '@types/babel__template': [ '7.4.1' ],
109 silly audit   '@types/babel__traverse': [ '7.17.1' ],
109 silly audit   '@types/body-parser': [ '1.19.2' ],
109 silly audit   '@types/bonjour': [ '3.5.10' ],
109 silly audit   '@types/clean-css': [ '4.2.5' ],
109 silly audit   '@types/connect': [ '3.4.35' ],
109 silly audit   '@types/connect-history-api-fallback': [ '1.3.5' ],
109 silly audit   '@types/eslint': [ '8.4.5' ],
109 silly audit   '@types/eslint-scope': [ '3.7.4' ],
109 silly audit   '@types/estree': [ '0.0.51' ],
109 silly audit   '@types/express': [ '4.17.13' ],
109 silly audit   '@types/express-serve-static-core': [ '4.17.29' ],
109 silly audit   '@types/glob': [ '7.2.0' ],
109 silly audit   '@types/http-proxy': [ '1.17.9' ],
109 silly audit   '@types/imagemin': [ '8.0.0' ],
109 silly audit   '@types/imagemin-gifsicle': [ '7.0.1' ],
109 silly audit   '@types/imagemin-mozjpeg': [ '8.0.1' ],
109 silly audit   '@types/imagemin-optipng': [ '5.2.1' ],
109 silly audit   '@types/imagemin-svgo': [ '8.0.1' ],
109 silly audit   '@types/json-schema': [ '7.0.11' ],
109 silly audit   '@types/mime': [ '1.3.2' ],
109 silly audit   '@types/minimatch': [ '3.0.5' ],
109 silly audit   '@types/node': [ '18.0.3' ],
109 silly audit   '@types/parse-json': [ '4.0.0' ],
109 silly audit   '@types/qs': [ '6.9.7' ],
109 silly audit   '@types/range-parser': [ '1.2.4' ],
109 silly audit   '@types/retry': [ '0.12.0' ],
109 silly audit   '@types/serve-index': [ '1.9.1' ],
109 silly audit   '@types/serve-static': [ '1.13.10' ],
109 silly audit   '@types/sockjs': [ '0.3.33' ],
109 silly audit   '@types/svgo': [ '1.3.6' ],
109 silly audit   '@types/ws': [ '8.5.3' ],
109 silly audit   '@vue/compiler-sfc': [ '2.7.4' ],
109 silly audit   '@webassemblyjs/ast': [ '1.11.1' ],
109 silly audit   '@webassemblyjs/floating-point-hex-parser': [ '1.11.1' ],
109 silly audit   '@webassemblyjs/helper-api-error': [ '1.11.1' ],
109 silly audit   '@webassemblyjs/helper-buffer': [ '1.11.1' ],
109 silly audit   '@webassemblyjs/helper-numbers': [ '1.11.1' ],
109 silly audit   '@webassemblyjs/helper-wasm-bytecode': [ '1.11.1' ],
109 silly audit   '@webassemblyjs/helper-wasm-section': [ '1.11.1' ],
109 silly audit   '@webassemblyjs/ieee754': [ '1.11.1' ],
109 silly audit   '@webassemblyjs/leb128': [ '1.11.1' ],
109 silly audit   '@webassemblyjs/utf8': [ '1.11.1' ],
109 silly audit   '@webassemblyjs/wasm-edit': [ '1.11.1' ],
109 silly audit   '@webassemblyjs/wasm-gen': [ '1.11.1' ],
109 silly audit   '@webassemblyjs/wasm-opt': [ '1.11.1' ],
109 silly audit   '@webassemblyjs/wasm-parser': [ '1.11.1' ],
109 silly audit   '@webassemblyjs/wast-printer': [ '1.11.1' ],
109 silly audit   '@webpack-cli/configtest': [ '1.2.0' ],
109 silly audit   '@webpack-cli/info': [ '1.5.0' ],
109 silly audit   '@webpack-cli/serve': [ '1.7.0' ],
109 silly audit   '@xtuc/ieee754': [ '1.2.0' ],
109 silly audit   '@xtuc/long': [ '4.2.2' ],
109 silly audit   accepts: [ '1.3.8' ],
109 silly audit   acorn: [ '8.7.1' ],
109 silly audit   'acorn-import-assertions': [ '1.8.0' ],
109 silly audit   'adjust-sourcemap-loader': [ '3.0.0' ],
109 silly audit   ajv: [ '6.12.6', '8.11.0' ],
109 silly audit   'ajv-formats': [ '2.1.1' ],
109 silly audit   'json-schema-traverse': [ '1.0.0', '0.4.1' ],
109 silly audit   'ajv-keywords': [ '3.5.2', '5.1.0' ],
109 silly audit   'ansi-html-community': [ '0.0.8' ],
109 silly audit   'ansi-regex': [ '5.0.1' ],
109 silly audit   anymatch: [ '3.1.2' ],
109 silly audit   'arity-n': [ '1.0.4' ],
109 silly audit   'array-flatten': [ '2.1.2', '1.1.1' ],
109 silly audit   'array-union': [ '2.1.0' ],
109 silly audit   'asn1.js': [ '5.4.1' ],
109 silly audit   'bn.js': [ '4.12.0', '5.2.1' ],
109 silly audit   assert: [ '1.5.0' ],
109 silly audit   inherits: [ '2.0.1', '2.0.4', '2.0.3' ],
109 silly audit   util: [ '0.10.3', '0.11.1' ],
109 silly audit   atob: [ '2.1.2' ],
109 silly audit   autoprefixer: [ '10.4.7' ],
109 silly audit   axios: [ '0.21.4' ],
109 silly audit   'babel-loader': [ '8.2.5' ],
109 silly audit   'babel-plugin-dynamic-import-node': [ '2.3.3' ],
109 silly audit   'babel-plugin-polyfill-corejs2': [ '0.3.1' ],
109 silly audit   'babel-plugin-polyfill-corejs3': [ '0.5.2' ],
109 silly audit   'babel-plugin-polyfill-regenerator': [ '0.3.1' ],
109 silly audit   'balanced-match': [ '1.0.2' ],
109 silly audit   'base64-js': [ '1.5.1' ],
109 silly audit   batch: [ '0.6.1' ],
109 silly audit   'big.js': [ '5.2.2' ],
109 silly audit   'binary-extensions': [ '2.2.0' ],
109 silly audit   'body-parser': [ '1.20.0' ],
109 silly audit   bytes: [ '3.1.2', '3.0.0' ],
109 silly audit   debug: [ '2.6.9', '4.3.4' ],
109 silly audit   ms: [ '2.0.0', '2.1.2', '2.1.3' ],
109 silly audit   'bonjour-service': [ '1.0.13' ],
109 silly audit   boolbase: [ '1.0.0' ],
109 silly audit   bootstrap: [ '5.1.3' ],
109 silly audit   'brace-expansion': [ '1.1.11' ],
109 silly audit   braces: [ '3.0.2' ],
109 silly audit   brorand: [ '1.1.0' ],
109 silly audit   'browserify-aes': [ '1.2.0' ],
109 silly audit   'browserify-cipher': [ '1.0.1' ],
109 silly audit   'browserify-des': [ '1.0.2' ],
109 silly audit   'browserify-rsa': [ '4.1.0' ],
109 silly audit   'browserify-sign': [ '4.2.1' ],
109 silly audit   'readable-stream': [ '3.6.0', '2.3.7' ],
109 silly audit   'safe-buffer': [ '5.2.1', '5.1.2' ],
109 silly audit   'browserify-zlib': [ '0.2.0' ],
109 silly audit   browserslist: [ '4.21.1' ],
109 silly audit   buffer: [ '4.9.2' ],
109 silly audit   'buffer-from': [ '1.1.2' ],
109 silly audit   'buffer-xor': [ '1.0.3' ],
109 silly audit   'builtin-status-codes': [ '3.0.0' ],
109 silly audit   'call-bind': [ '1.0.2' ],
109 silly audit   callsites: [ '3.1.0' ],
109 silly audit   'camel-case': [ '4.1.2' ],
109 silly audit   camelcase: [ '5.3.1' ],
109 silly audit   'caniuse-api': [ '3.0.0' ],
109 silly audit   'caniuse-lite': [ '1.0.30001363' ],
109 silly audit   charenc: [ '0.0.2' ],
109 silly audit   chokidar: [ '3.5.3' ],
109 silly audit   'chrome-trace-event': [ '1.0.3' ],
109 silly audit   'cipher-base': [ '1.0.4' ],
109 silly audit   'clean-css': [ '5.3.0', '4.2.4' ],
109 silly audit   'cli-table3': [ '0.6.2' ],
109 silly audit   cliui: [ '7.0.4' ],
109 silly audit   'clone-deep': [ '4.0.1' ],
109 silly audit   'collect.js': [ '4.34.3' ],
109 silly audit   colord: [ '2.9.2' ],
109 silly audit   colorette: [ '2.0.19' ],
109 silly audit   commander: [ '7.2.0', '2.20.3', '4.1.1' ],
109 silly audit   commondir: [ '1.0.1' ],
109 silly audit   'compose-function': [ '3.0.3' ],
109 silly audit   compressible: [ '2.0.18' ],
109 silly audit   compression: [ '1.7.4' ],
109 silly audit   concat: [ '1.0.3' ],
109 silly audit   'concat-map': [ '0.0.1' ],
109 silly audit   'connect-history-api-fallback': [ '2.0.0' ],
109 silly audit   consola: [ '2.15.3' ],
109 silly audit   'console-browserify': [ '1.2.0' ],
109 silly audit   'constants-browserify': [ '1.0.0' ],
109 silly audit   'content-disposition': [ '0.5.4' ],
109 silly audit   'content-type': [ '1.0.4' ],
109 silly audit   'convert-source-map': [ '1.8.0', '1.7.0', '0.3.5' ],
109 silly audit   cookie: [ '0.5.0' ],
109 silly audit   'cookie-signature': [ '1.0.6' ],
109 silly audit   'core-js-compat': [ '3.23.3' ],
109 silly audit   'core-util-is': [ '1.0.3' ],
109 silly audit   cosmiconfig: [ '7.0.1' ],
109 silly audit   'create-ecdh': [ '4.0.4' ],
109 silly audit   'create-hash': [ '1.2.0' ],
109 silly audit   'create-hmac': [ '1.1.7' ],
109 silly audit   'cross-spawn': [ '7.0.3' ],
109 silly audit   crypt: [ '0.0.2' ],
109 silly audit   'crypto-browserify': [ '3.12.0' ],
109 silly audit   css: [ '2.2.4' ],
109 silly audit   'css-declaration-sorter': [ '6.3.0' ],
109 silly audit   'css-loader': [ '5.2.7' ],
109 silly audit   'schema-utils': [ '3.1.1', '2.7.1', '4.0.0' ],
109 silly audit   'css-select': [ '4.3.0' ],
109 silly audit   domhandler: [ '4.3.1', '3.3.0' ],
109 silly audit   'css-tree': [ '1.1.3' ],
109 silly audit   'css-what': [ '6.1.0' ],
109 silly audit   cssesc: [ '3.0.0' ],
109 silly audit   cssnano: [ '5.1.12' ],
109 silly audit   'cssnano-preset-default': [ '5.2.12' ],
109 silly audit   'cssnano-utils': [ '3.1.0' ],
109 silly audit   csso: [ '4.2.0' ],
109 silly audit   csstype: [ '3.1.0' ],
109 silly audit   d: [ '1.0.1' ],
109 silly audit   'de-indent': [ '1.0.2' ],
109 silly audit   'decode-uri-component': [ '0.2.0' ],
109 silly audit   'default-gateway': [ '6.0.3' ],
109 silly audit   'define-lazy-prop': [ '2.0.0' ],
109 silly audit   'define-properties': [ '1.1.4' ],
109 silly audit   depd: [ '2.0.0', '1.1.2' ],
109 silly audit   'des.js': [ '1.0.1' ],
109 silly audit   destroy: [ '1.2.0' ],
109 silly audit   'detect-node': [ '2.1.0' ],
109 silly audit   'diffie-hellman': [ '5.0.3' ],
109 silly audit   'dir-glob': [ '3.0.1' ],
109 silly audit   'dns-equal': [ '1.0.0' ],
109 silly audit   'dns-packet': [ '5.4.0' ],
109 silly audit   'dom-serializer': [ '1.4.1' ],
109 silly audit   'domain-browser': [ '1.2.0' ],
109 silly audit   domelementtype: [ '2.3.0' ],
109 silly audit   domutils: [ '2.8.0' ],
109 silly audit   'dot-case': [ '3.0.4' ],
109 silly audit   dotenv: [ '10.0.0' ],
109 silly audit   'dotenv-expand': [ '5.1.0' ],
109 silly audit   'ee-first': [ '1.1.1' ],
109 silly audit   'electron-to-chromium': [ '1.4.185' ],
109 silly audit   elliptic: [ '6.5.4' ],
109 silly audit   'emoji-regex': [ '8.0.0' ],
109 silly audit   'emojis-list': [ '3.0.0', '2.1.0' ],
109 silly audit   encodeurl: [ '1.0.2' ],
109 silly audit   'enhanced-resolve': [ '5.10.0' ],
109 silly audit   entities: [ '2.2.0' ],
109 silly audit   envinfo: [ '7.8.1' ],
109 silly audit   'error-ex': [ '1.3.2' ],
109 silly audit   'es-module-lexer': [ '0.9.3' ],
109 silly audit   'es5-ext': [ '0.10.61' ],
109 silly audit   'es6-iterator': [ '2.0.3' ],
109 silly audit   'es6-symbol': [ '3.1.3' ],
109 silly audit   escalade: [ '3.1.1' ],
109 silly audit   'escape-html': [ '1.0.3' ],
109 silly audit   'escape-string-regexp': [ '1.0.5' ],
109 silly audit   'eslint-scope': [ '5.1.1' ],
109 silly audit   esrecurse: [ '4.3.0' ],
109 silly audit   estraverse: [ '5.3.0', '4.3.0' ],
109 silly audit   esutils: [ '2.0.3' ],
109 silly audit   etag: [ '1.8.1' ],
109 silly audit   eventemitter3: [ '4.0.7' ],
109 silly audit   events: [ '3.3.0' ],
109 silly audit   evp_bytestokey: [ '1.0.3' ],
109 silly audit   execa: [ '5.1.1' ],
109 silly audit   express: [ '4.18.1' ],
109 silly audit   ext: [ '1.6.0' ],
109 silly audit   type: [ '2.6.0', '1.2.0' ],
109 silly audit   'fast-deep-equal': [ '3.1.3' ],
109 silly audit   'fast-glob': [ '3.2.11' ],
109 silly audit   'fast-json-stable-stringify': [ '2.1.0' ],
109 silly audit   'fastest-levenshtein': [ '1.0.12' ],
109 silly audit   fastq: [ '1.13.0' ],
109 silly audit   'faye-websocket': [ '0.11.4' ],
109 silly audit   'file-loader': [ '6.2.0' ],
109 silly audit   'file-type': [ '12.4.2' ],
109 silly audit   'fill-range': [ '7.0.1' ],
109 silly audit   finalhandler: [ '1.2.0' ],
109 silly audit   'find-cache-dir': [ '3.3.2' ],
109 silly audit   'find-up': [ '4.1.0' ],
109 silly audit   'follow-redirects': [ '1.15.1' ],
109 silly audit   forwarded: [ '0.2.0' ],
109 silly audit   'fraction.js': [ '4.2.0' ],
109 silly audit   fresh: [ '0.5.2' ],
109 silly audit   'fs-extra': [ '10.1.0' ],
109 silly audit   'fs-monkey': [ '1.0.3' ],
109 silly audit   'fs.realpath': [ '1.0.0' ],
109 silly audit   fsevents: [ '2.3.2' ],
109 silly audit   'function-bind': [ '1.1.1' ],
109 silly audit   gensync: [ '1.0.0-beta.2' ],
109 silly audit   'get-caller-file': [ '2.0.5' ],
109 silly audit   'get-intrinsic': [ '1.1.2' ],
109 silly audit   'get-stream': [ '6.0.1' ],
109 silly audit   glob: [ '7.2.3' ],
109 silly audit   'glob-parent': [ '5.1.2' ],
109 silly audit   'glob-to-regexp': [ '0.4.1' ],
109 silly audit   globals: [ '11.12.0' ],
109 silly audit   globby: [ '10.0.2' ],
109 silly audit   'graceful-fs': [ '4.2.10' ],
109 silly audit   growly: [ '1.3.0' ],
109 silly audit   'handle-thing': [ '2.0.1' ],
109 silly audit   has: [ '1.0.3' ],
109 silly audit   'has-property-descriptors': [ '1.0.0' ],
109 silly audit   'has-symbols': [ '1.0.3' ],
109 silly audit   'hash-base': [ '3.1.0' ],
109 silly audit   'hash-sum': [ '1.0.2' ],
109 silly audit   'hash.js': [ '1.1.7' ],
109 silly audit   he: [ '1.2.0' ],
109 silly audit   'hmac-drbg': [ '1.0.1' ],
109 silly audit   'hpack.js': [ '2.1.6' ],
109 silly audit   'html-entities': [ '2.3.3' ],
109 silly audit   'html-loader': [ '1.3.2' ],
109 silly audit   'html-minifier-terser': [ '5.1.1' ],
109 silly audit   terser: [ '4.8.0', '5.14.1' ],
109 silly audit   htmlparser2: [ '4.1.0' ],
109 silly audit   'http-deceiver': [ '1.2.7' ],
109 silly audit   'http-errors': [ '2.0.0', '1.6.3' ],
109 silly audit   'http-parser-js': [ '0.5.8' ],
109 silly audit   'http-proxy': [ '1.18.1' ],
109 silly audit   'http-proxy-middleware': [ '2.0.6' ],
109 silly audit   'https-browserify': [ '1.0.0' ],
109 silly audit   'human-signals': [ '2.1.0' ],
109 silly audit   'iconv-lite': [ '0.4.24' ],
109 silly audit   'icss-utils': [ '5.1.0' ],
109 silly audit   ieee754: [ '1.2.1' ],
109 silly audit   ignore: [ '5.2.0' ],
109 silly audit   imagemin: [ '7.0.1' ],
109 silly audit   'img-loader': [ '4.0.0' ],
109 silly audit   json5: [ '1.0.1', '2.2.1' ],
109 silly audit   'loader-utils': [ '1.4.0', '2.0.2', '1.2.3' ],
109 silly audit   immutable: [ '4.1.0' ],
109 silly audit   'import-fresh': [ '3.3.0' ],
109 silly audit   'import-local': [ '3.1.0' ],
109 silly audit   inflight: [ '1.0.6' ],
109 silly audit   interpret: [ '2.2.0' ],
109 silly audit   'ipaddr.js': [ '2.0.1', '1.9.1' ],
109 silly audit   'is-arrayish': [ '0.2.1' ],
109 silly audit   'is-binary-path': [ '2.1.0' ],
109 silly audit   'is-buffer': [ '1.1.6' ],
109 silly audit   'is-core-module': [ '2.9.0' ],
109 silly audit   'is-docker': [ '2.2.1' ],
109 silly audit   'is-extglob': [ '2.1.1' ],
109 silly audit   'is-fullwidth-code-point': [ '3.0.0' ],
109 silly audit   'is-glob': [ '4.0.3' ],
109 silly audit   'is-number': [ '7.0.0' ],
109 silly audit   'is-plain-obj': [ '3.0.0' ],
109 silly audit   'is-plain-object': [ '2.0.4' ],
109 silly audit   'is-stream': [ '2.0.1' ],
109 silly audit   'is-wsl': [ '2.2.0' ],
109 silly audit   isarray: [ '1.0.0' ],
109 silly audit   isexe: [ '2.0.0' ],
109 silly audit   isobject: [ '3.0.1' ],
109 silly audit   'jest-worker': [ '27.5.1' ],
109 silly audit   'js-tokens': [ '4.0.0' ],
109 silly audit   jsesc: [ '2.5.2', '0.5.0' ],
109 silly audit   'json-parse-even-better-errors': [ '2.3.1' ],
109 silly audit   jsonfile: [ '6.1.0' ],
109 silly audit   junk: [ '3.1.0' ],
109 silly audit   'kind-of': [ '6.0.3' ],
109 silly audit   klona: [ '2.0.5' ],
109 silly audit   'laravel-mix': [ '6.0.49' ],
109 silly audit   lilconfig: [ '2.0.5' ],
109 silly audit   'lines-and-columns': [ '1.2.4' ],
109 silly audit   'loader-runner': [ '4.3.0' ],
109 silly audit   'locate-path': [ '5.0.0' ],
109 silly audit   lodash: [ '4.17.21' ],
109 silly audit   'lodash.debounce': [ '4.0.8' ],
109 silly audit   'lodash.memoize': [ '4.1.2' ],
109 silly audit   'lodash.uniq': [ '4.5.0' ],
109 silly audit   'lower-case': [ '2.0.2' ],
109 silly audit   'lru-cache': [ '6.0.0', '4.1.5' ],
109 silly audit   'make-dir': [ '3.1.0' ],
109 silly audit   md5: [ '2.3.0' ],
109 silly audit   'md5.js': [ '1.3.5' ],
109 silly audit   'mdn-data': [ '2.0.14' ],
109 silly audit   'media-typer': [ '0.3.0' ],
109 silly audit   memfs: [ '3.4.7' ],
109 silly audit   'merge-descriptors': [ '1.0.1' ],
109 silly audit   'merge-stream': [ '2.0.0' ],
109 silly audit   merge2: [ '1.4.1' ],
109 silly audit   methods: [ '1.1.2' ],
109 silly audit   micromatch: [ '4.0.5' ],
109 silly audit   'miller-rabin': [ '4.0.1' ],
109 silly audit   mime: [ '1.6.0' ],
109 silly audit   'mime-db': [ '1.52.0' ],
109 silly audit   'mime-types': [ '2.1.35' ],
109 silly audit   'mimic-fn': [ '2.1.0' ],
109 silly audit   'mini-css-extract-plugin': [ '1.6.2' ],
109 silly audit   'minimalistic-assert': [ '1.0.1' ],
109 silly audit   'minimalistic-crypto-utils': [ '1.0.1' ],
109 silly audit   minimatch: [ '3.1.2' ],
109 silly audit   minimist: [ '1.2.6' ],
109 silly audit   'multicast-dns': [ '7.2.5' ],
109 silly audit   nanoid: [ '3.3.4' ],
109 silly audit   negotiator: [ '0.6.3' ],
109 silly audit   'neo-async': [ '2.6.2' ],
109 silly audit   'next-tick': [ '1.1.0' ],
109 silly audit   'no-case': [ '3.0.4' ],
109 silly audit   'node-forge': [ '1.3.1' ],
109 silly audit   'node-libs-browser': [ '2.2.1' ],
109 silly audit   'node-notifier': [ '9.0.1' ],
109 silly audit   'node-releases': [ '2.0.6' ],
109 silly audit   'normalize-path': [ '3.0.0' ],
109 silly audit   'normalize-range': [ '0.1.2' ],
109 silly audit   'normalize-url': [ '6.1.0' ],
109 silly audit   'npm-run-path': [ '4.0.1' ],
109 silly audit   'nth-check': [ '2.1.1' ],
109 silly audit   'object-assign': [ '4.1.1' ],
109 silly audit   'object-inspect': [ '1.12.2' ],
109 silly audit   'object-keys': [ '1.1.1' ],
109 silly audit   'object.assign': [ '4.1.2' ],
109 silly audit   obuf: [ '1.1.2' ],
109 silly audit   'on-finished': [ '2.4.1' ],
109 silly audit   'on-headers': [ '1.0.2' ],
109 silly audit   once: [ '1.4.0' ],
109 silly audit   onetime: [ '5.1.2' ],
109 silly audit   open: [ '8.4.0' ],
109 silly audit   'os-browserify': [ '0.3.0' ],
109 silly audit   'p-limit': [ '2.3.0' ],
109 silly audit   'p-locate': [ '4.1.0' ],
109 silly audit   'p-pipe': [ '3.1.0' ],
109 silly audit   'p-retry': [ '4.6.2' ],
109 silly audit   'p-try': [ '2.2.0' ],
109 silly audit   pako: [ '1.0.11' ],
109 silly audit   'param-case': [ '3.0.4' ],
109 silly audit   'parent-module': [ '1.0.1' ],
109 silly audit   'parse-asn1': [ '5.1.6' ],
109 silly audit   'parse-json': [ '5.2.0' ],
109 silly audit   parseurl: [ '1.3.3' ],
109 silly audit   'pascal-case': [ '3.1.2' ],
109 silly audit   'path-browserify': [ '0.0.1' ],
109 silly audit   'path-exists': [ '4.0.0' ],
109 silly audit   'path-is-absolute': [ '1.0.1' ],
109 silly audit   'path-key': [ '3.1.1' ],
109 silly audit   'path-parse': [ '1.0.7' ],
109 silly audit   'path-to-regexp': [ '0.1.7' ],
109 silly audit   'path-type': [ '4.0.0' ],
109 silly audit   pbkdf2: [ '3.1.2' ],
109 silly audit   picocolors: [ '1.0.0', '0.2.1' ],
109 silly audit   picomatch: [ '2.3.1' ],
109 silly audit   'pkg-dir': [ '4.2.0' ],
109 silly audit   postcss: [ '8.4.14', '7.0.36', '7.0.39' ],
109 silly audit   'postcss-calc': [ '8.2.4' ],
109 silly audit   'postcss-colormin': [ '5.3.0' ],
109 silly audit   'postcss-convert-values': [ '5.1.2' ],
109 silly audit   'postcss-discard-comments': [ '5.1.2' ],
109 silly audit   'postcss-discard-duplicates': [ '5.1.0' ],
109 silly audit   'postcss-discard-empty': [ '5.1.1' ],
109 silly audit   'postcss-discard-overridden': [ '5.1.0' ],
109 silly audit   'postcss-load-config': [ '3.1.4' ],
109 silly audit   'postcss-loader': [ '6.2.1' ],
109 silly audit   'postcss-merge-longhand': [ '5.1.6' ],
109 silly audit   'postcss-merge-rules': [ '5.1.2' ],
109 silly audit   'postcss-minify-font-values': [ '5.1.0' ],
109 silly audit   'postcss-minify-gradients': [ '5.1.1' ],
109 silly audit   'postcss-minify-params': [ '5.1.3' ],
109 silly audit   'postcss-minify-selectors': [ '5.2.1' ],
109 silly audit   'postcss-modules-extract-imports': [ '3.0.0' ],
109 silly audit   'postcss-modules-local-by-default': [ '4.0.0' ],
109 silly audit   'postcss-modules-scope': [ '3.0.0' ],
109 silly audit   'postcss-modules-values': [ '4.0.0' ],
109 silly audit   'postcss-normalize-charset': [ '5.1.0' ],
109 silly audit   'postcss-normalize-display-values': [ '5.1.0' ],
109 silly audit   'postcss-normalize-positions': [ '5.1.1' ],
109 silly audit   'postcss-normalize-repeat-style': [ '5.1.1' ],
109 silly audit   'postcss-normalize-string': [ '5.1.0' ],
109 silly audit   'postcss-normalize-timing-functions': [ '5.1.0' ],
109 silly audit   'postcss-normalize-unicode': [ '5.1.0' ],
109 silly audit   'postcss-normalize-url': [ '5.1.0' ],
109 silly audit   'postcss-normalize-whitespace': [ '5.1.1' ],
109 silly audit   'postcss-ordered-values': [ '5.1.3' ],
109 silly audit   'postcss-reduce-initial': [ '5.1.0' ],
109 silly audit   'postcss-reduce-transforms': [ '5.1.0' ],
109 silly audit   'postcss-selector-parser': [ '6.0.10' ],
109 silly audit   'postcss-svgo': [ '5.1.0' ],
109 silly audit   'postcss-unique-selectors': [ '5.1.1' ],
109 silly audit   'postcss-value-parser': [ '4.2.0' ],
109 silly audit   'pretty-time': [ '1.1.0' ],
109 silly audit   process: [ '0.11.10' ],
109 silly audit   'process-nextick-args': [ '2.0.1' ],
109 silly audit   'proxy-addr': [ '2.0.7' ],
109 silly audit   'public-encrypt': [ '4.0.3' ],
109 silly audit   punycode: [ '1.4.1', '2.1.1', '1.3.2' ],
109 silly audit   qs: [ '6.10.3' ],
109 silly audit   querystring: [ '0.2.0' ],
109 silly audit   'querystring-es3': [ '0.2.1' ],
109 silly audit   'queue-microtask': [ '1.2.3' ],
109 silly audit   randombytes: [ '2.1.0' ],
109 silly audit   randomfill: [ '1.0.4' ],
109 silly audit   'range-parser': [ '1.2.1' ],
109 silly audit   'raw-body': [ '2.5.1' ],
109 silly audit   string_decoder: [ '1.1.1', '1.3.0' ],
109 silly audit   readdirp: [ '3.6.0' ],
109 silly audit   rechoir: [ '0.7.1' ],
109 silly audit   regenerate: [ '1.4.2' ],
109 silly audit   'regenerate-unicode-properties': [ '10.0.1' ],
109 silly audit   'regenerator-runtime': [ '0.13.9' ],
109 silly audit   'regenerator-transform': [ '0.15.0' ],
109 silly audit   'regex-parser': [ '2.2.11' ],
109 silly audit   'regexpu-core': [ '5.1.0' ],
109 silly audit   regjsgen: [ '0.6.0' ],
109 silly audit   regjsparser: [ '0.8.4' ],
109 silly audit   relateurl: [ '0.2.7' ],
109 silly audit   'replace-ext': [ '1.0.1' ],
109 silly audit   'require-directory': [ '2.1.1' ],
109 silly audit   'require-from-string': [ '2.0.2' ],
109 silly audit   'requires-port': [ '1.0.0' ],
109 silly audit   resolve: [ '1.22.1' ],
109 silly audit   'resolve-cwd': [ '3.0.0' ],
109 silly audit   'resolve-from': [ '5.0.0', '4.0.0' ],
109 silly audit   'resolve-url': [ '0.2.1' ],
109 silly audit   'resolve-url-loader': [ '3.1.4' ],
109 silly audit   retry: [ '0.13.1' ],
109 silly audit   reusify: [ '1.0.4' ],
109 silly audit   rework: [ '1.0.1' ],
109 silly audit   'rework-visit': [ '1.0.0' ],
109 silly audit   rimraf: [ '3.0.2' ],
109 silly audit   ripemd160: [ '2.0.2' ],
109 silly audit   'run-parallel': [ '1.2.0' ],
109 silly audit   'safer-buffer': [ '2.1.2' ],
109 silly audit   sass: [ '1.53.0' ],
109 silly audit   'sass-loader': [ '11.1.1' ],
109 silly audit   'select-hose': [ '2.0.0' ],
109 silly audit   selfsigned: [ '2.0.1' ],
109 silly audit   send: [ '0.18.0' ],
109 silly audit   'serialize-javascript': [ '6.0.0' ],
109 silly audit   'serve-index': [ '1.9.1' ],
109 silly audit   setprototypeof: [ '1.1.0', '1.2.0' ],
109 silly audit   statuses: [ '1.5.0', '2.0.1' ],
109 silly audit   'serve-static': [ '1.15.0' ],
109 silly audit   setimmediate: [ '1.0.5' ],
109 silly audit   'sha.js': [ '2.4.11' ],
109 silly audit   'shallow-clone': [ '3.0.1' ],
109 silly audit   'shebang-command': [ '2.0.0' ],
109 silly audit   'shebang-regex': [ '3.0.0' ],
109 silly audit   shellwords: [ '0.1.1' ],
109 silly audit   'side-channel': [ '1.0.4' ],
109 silly audit   'signal-exit': [ '3.0.7' ],
109 silly audit   slash: [ '3.0.0' ],
109 silly audit   sockjs: [ '0.3.24' ],
109 silly audit   'source-list-map': [ '2.0.1' ],
109 silly audit   'source-map': [ '0.6.1' ],
109 silly audit   'source-map-js': [ '1.0.2' ],
109 silly audit   'source-map-resolve': [ '0.5.3' ],
109 silly audit   'source-map-support': [ '0.5.21' ],
109 silly audit   'source-map-url': [ '0.4.1' ],
109 silly audit   spdy: [ '4.0.2' ],
109 silly audit   'spdy-transport': [ '3.0.0' ],
109 silly audit   stable: [ '0.1.8' ],
109 silly audit   'std-env': [ '3.1.1' ],
109 silly audit   'stream-browserify': [ '2.0.2' ],
109 silly audit   'stream-http': [ '2.8.3' ],
109 silly audit   'string-width': [ '4.2.3' ],
109 silly audit   'strip-ansi': [ '6.0.1' ],
109 silly audit   'strip-final-newline': [ '2.0.0' ],
109 silly audit   'style-loader': [ '2.0.0' ],
109 silly audit   stylehacks: [ '5.1.0' ],
109 silly audit   'supports-preserve-symlinks-flag': [ '1.0.0' ],
109 silly audit   svgo: [ '2.8.0' ],
109 silly audit   tapable: [ '2.2.1' ],
109 silly audit   'terser-webpack-plugin': [ '5.3.3' ],
109 silly audit   thunky: [ '1.1.0' ],
109 silly audit   'timers-browserify': [ '2.0.12' ],
109 silly audit   'to-arraybuffer': [ '1.0.1' ],
109 silly audit   'to-fast-properties': [ '2.0.0' ],
109 silly audit   'to-regex-range': [ '5.0.1' ],
109 silly audit   toidentifier: [ '1.0.1' ],
109 silly audit   tslib: [ '2.4.0' ],
109 silly audit   'tty-browserify': [ '0.0.0' ],
109 silly audit   'type-is': [ '1.6.18' ],
109 silly audit   'unicode-canonical-property-names-ecmascript': [ '2.0.0' ],
109 silly audit   'unicode-match-property-ecmascript': [ '2.0.0' ],
109 silly audit   'unicode-match-property-value-ecmascript': [ '2.0.0' ],
109 silly audit   'unicode-property-aliases-ecmascript': [ '2.0.0' ],
109 silly audit   universalify: [ '2.0.0' ],
109 silly audit   unpipe: [ '1.0.0' ],
109 silly audit   'update-browserslist-db': [ '1.0.4' ],
109 silly audit   'uri-js': [ '4.4.1' ],
109 silly audit   urix: [ '0.1.0' ],
109 silly audit   url: [ '0.11.0' ],
109 silly audit   'util-deprecate': [ '1.0.2' ],
109 silly audit   'utils-merge': [ '1.0.1' ],
109 silly audit   uuid: [ '8.3.2' ],
109 silly audit   vary: [ '1.1.2' ],
109 silly audit   'vm-browserify': [ '1.1.2' ],
109 silly audit   vue: [ '2.7.4' ],
109 silly audit   'vue-style-loader': [ '4.1.3' ],
109 silly audit   'vue-template-compiler': [ '2.7.4' ],
109 silly audit   watchpack: [ '2.4.0' ],
109 silly audit   wbuf: [ '1.7.3' ],
109 silly audit   webpack: [ '5.73.0' ],
109 silly audit   'webpack-cli': [ '4.10.0' ],
109 silly audit   'webpack-dev-middleware': [ '5.3.3' ],
109 silly audit   'webpack-dev-server': [ '4.9.3' ],
109 silly audit   'webpack-merge': [ '5.8.0' ],
109 silly audit   'webpack-notifier': [ '1.15.0' ],
109 silly audit   'webpack-sources': [ '1.4.3', '3.2.3' ],
109 silly audit   webpackbar: [ '5.0.2' ],
109 silly audit   'websocket-driver': [ '0.7.4' ],
109 silly audit   'websocket-extensions': [ '0.1.4' ],
109 silly audit   which: [ '2.0.2' ],
109 silly audit   wildcard: [ '2.0.0' ],
109 silly audit   'wrap-ansi': [ '7.0.0' ],
109 silly audit   wrappy: [ '1.0.2' ],
109 silly audit   ws: [ '8.8.0' ],
109 silly audit   xtend: [ '4.0.2' ],
109 silly audit   y18n: [ '5.0.8' ],
109 silly audit   yallist: [ '4.0.0', '2.1.2' ],
109 silly audit   yaml: [ '1.10.2' ],
109 silly audit   yargs: [ '17.5.1' ],
109 silly audit   'yargs-parser': [ '21.0.1' ],
109 silly audit   'vue-loader': [ '15.9.8' ],
109 silly audit   '@vue/component-compiler-utils': [ '3.3.0' ],
109 silly audit   'vue-hot-reload-api': [ '2.3.4' ],
109 silly audit   consolidate: [ '0.15.1' ],
109 silly audit   'merge-source-map': [ '1.1.0' ],
109 silly audit   prettier: [ '2.7.1' ],
109 silly audit   'vue-template-es2015-compiler': [ '1.9.1' ],
109 silly audit   bluebird: [ '3.7.2' ],
109 silly audit   pseudomap: [ '1.0.2' ]
109 silly audit }
110 verbose reify failed optional dependency D:\MyLearning\Laravel\shop-app\node_modules\fsevents
111 silly reify mark deleted [ 'D:\\MyLearning\\Laravel\\shop-app\\node_modules\\fsevents' ]
112 timing reifyNode:node_modules/fsevents Completed in 4ms
113 silly tarball no local data for pseudomap@https://registry.npmjs.org/pseudomap/-/pseudomap-1.0.2.tgz. Extracting by manifest.
114 silly tarball no local data for vue-template-es2015-compiler@https://registry.npmjs.org/vue-template-es2015-compiler/-/vue-template-es2015-compiler-1.9.1.tgz. Extracting by manifest.
115 silly tarball no local data for bluebird@https://registry.npmjs.org/bluebird/-/bluebird-3.7.2.tgz. Extracting by manifest.
116 silly tarball no local data for prettier@https://registry.npmjs.org/prettier/-/prettier-2.7.1.tgz. Extracting by manifest.
117 silly tarball no local data for consolidate@https://registry.npmjs.org/consolidate/-/consolidate-0.15.1.tgz. Extracting by manifest.
118 silly tarball no local data for merge-source-map@https://registry.npmjs.org/merge-source-map/-/merge-source-map-1.1.0.tgz. Extracting by manifest.
119 silly tarball no local data for vue-loader@https://registry.npmjs.org/vue-loader/-/vue-loader-15.9.8.tgz. Extracting by manifest.
120 silly tarball no local data for @vue/component-compiler-utils@https://registry.npmjs.org/@vue/component-compiler-utils/-/component-compiler-utils-3.3.0.tgz. Extracting by manifest.
121 silly tarball no local data for vue-hot-reload-api@https://registry.npmjs.org/vue-hot-reload-api/-/vue-hot-reload-api-2.3.4.tgz. Extracting by manifest.
122 silly tarball no local data for picocolors@https://registry.npmjs.org/picocolors/-/picocolors-0.2.1.tgz. Extracting by manifest.
123 silly tarball no local data for yallist@https://registry.npmjs.org/yallist/-/yallist-2.1.2.tgz. Extracting by manifest.
124 silly tarball no local data for lru-cache@https://registry.npmjs.org/lru-cache/-/lru-cache-4.1.5.tgz. Extracting by manifest.
125 silly tarball no local data for postcss@https://registry.npmjs.org/postcss/-/postcss-7.0.39.tgz. Extracting by manifest.
126 timing reifyNode:node_modules/vue-loader/node_modules/loader-utils Completed in 96ms
127 timing reifyNode:node_modules/vue-loader/node_modules/json5 Completed in 98ms
128 http fetch GET 200 https://registry.npmjs.org/pseudomap/-/pseudomap-1.0.2.tgz 95ms (cache miss)
129 timing reifyNode:node_modules/pseudomap Completed in 111ms
130 http fetch GET 200 https://registry.npmjs.org/picocolors/-/picocolors-0.2.1.tgz 90ms (cache miss)
131 timing reifyNode:node_modules/@vue/component-compiler-utils/node_modules/picocolors Completed in 131ms
132 http fetch GET 200 https://registry.npmjs.org/merge-source-map/-/merge-source-map-1.1.0.tgz 108ms (cache miss)
133 timing reifyNode:node_modules/merge-source-map Completed in 135ms
134 http fetch POST 200 https://registry.npmjs.org/-/npm/v1/security/advisories/bulk 1294ms
135 timing auditReport:getReport Completed in 1304ms
136 silly audit report {}
137 timing auditReport:init Completed in 0ms
138 timing reify:audit Completed in 1305ms
139 http fetch GET 200 https://registry.npmjs.org/vue-hot-reload-api/-/vue-hot-reload-api-2.3.4.tgz 1262ms (cache miss)
140 timing reifyNode:node_modules/vue-hot-reload-api Completed in 1301ms
141 http fetch GET 200 https://registry.npmjs.org/lru-cache/-/lru-cache-4.1.5.tgz 1260ms (cache miss)
142 timing reifyNode:node_modules/@vue/component-compiler-utils/node_modules/lru-cache Completed in 1311ms
143 http fetch GET 200 https://registry.npmjs.org/yallist/-/yallist-2.1.2.tgz 1269ms (cache miss)
144 timing reifyNode:node_modules/@vue/component-compiler-utils/node_modules/yallist Completed in 1316ms
145 http fetch GET 200 https://registry.npmjs.org/consolidate/-/consolidate-0.15.1.tgz 1307ms (cache miss)
146 timing reifyNode:node_modules/consolidate Completed in 1331ms
147 http fetch GET 200 https://registry.npmjs.org/vue-template-es2015-compiler/-/vue-template-es2015-compiler-1.9.1.tgz 1333ms (cache miss)
148 timing reifyNode:node_modules/vue-template-es2015-compiler Completed in 1352ms
149 http fetch GET 200 https://registry.npmjs.org/vue-loader/-/vue-loader-15.9.8.tgz 1484ms (cache miss)
150 timing reifyNode:node_modules/vue-loader Completed in 1516ms
151 http fetch GET 200 https://registry.npmjs.org/bluebird/-/bluebird-3.7.2.tgz 1584ms (cache miss)
152 timing reifyNode:node_modules/bluebird Completed in 1605ms
153 http fetch GET 200 https://registry.npmjs.org/@vue/component-compiler-utils/-/component-compiler-utils-3.3.0.tgz 1602ms (cache miss)
154 timing reifyNode:node_modules/@vue/component-compiler-utils Completed in 1672ms
155 http fetch GET 200 https://registry.npmjs.org/postcss/-/postcss-7.0.39.tgz 1658ms (cache miss)
156 timing reifyNode:node_modules/@vue/component-compiler-utils/node_modules/postcss Completed in 1712ms
157 http fetch GET 200 https://registry.npmjs.org/prettier/-/prettier-2.7.1.tgz 2114ms (cache miss)
158 timing reifyNode:node_modules/prettier Completed in 2136ms
159 timing reify:unpack Completed in 2136ms
160 timing reify:unretire Completed in 0ms
161 timing build:queue Completed in 1ms
162 timing build:link:node_modules/prettier Completed in 3ms
163 timing build:link:node_modules/vue-loader/node_modules/json5 Completed in 3ms
164 timing build:link Completed in 3ms
165 timing build:deps Completed in 4ms
166 timing build Completed in 4ms
167 timing reify:build Completed in 5ms
168 timing reify:trash Completed in 1ms
169 timing reify:save Completed in 165ms
170 timing reify Completed in 4351ms
171 silly ADD node_modules/pseudomap
172 silly ADD node_modules/bluebird
173 silly ADD node_modules/vue-template-es2015-compiler
174 silly ADD node_modules/prettier
175 silly ADD node_modules/merge-source-map
176 silly ADD node_modules/consolidate
177 silly ADD node_modules/vue-hot-reload-api
178 silly ADD node_modules/@vue/component-compiler-utils
179 silly ADD node_modules/@vue/component-compiler-utils/node_modules/picocolors
180 silly ADD node_modules/@vue/component-compiler-utils/node_modules/yallist
181 silly ADD node_modules/@vue/component-compiler-utils/node_modules/postcss
182 silly ADD node_modules/@vue/component-compiler-utils/node_modules/lru-cache
183 silly ADD node_modules/vue-loader
184 silly ADD node_modules/vue-loader/node_modules/json5
185 silly ADD node_modules/vue-loader/node_modules/loader-utils
186 silly ADD
187 timing command:install Completed in 4359ms
188 verbose exit 0
189 timing npm Completed in 4491ms
190 info ok
